{"D:\\nodejss\\constant.js": {"path":"D:\\nodejss\\constant.js","statementMap":{"0":{"start":{"line":1,"column":19},"end":{"line":4,"column":1}},"1":{"start":{"line":5,"column":21},"end":{"line":16,"column":1}},"2":{"start":{"line":17,"column":17},"end":{"line":26,"column":1}},"3":{"start":{"line":28,"column":0},"end":{"line":28,"column":55}}},"fnMap":{},"branchMap":{},"s":{"0":4,"1":4,"2":4,"3":4},"f":{},"b":{},"_coverageSchema":"1a1c01bbd47fc00a2c39e90264f33305004495a9","hash":"86cb80b85c6ee450ab6025fddd16ee004c105bfc"}
,"D:\\nodejss\\redis.js": {"path":"D:\\nodejss\\redis.js","statementMap":{"0":{"start":{"line":1,"column":14},"end":{"line":1,"column":30}},"1":{"start":{"line":5,"column":15},"end":{"line":11,"column":2}},"2":{"start":{"line":13,"column":0},"end":{"line":13,"column":61}},"3":{"start":{"line":13,"column":27},"end":{"line":13,"column":59}},"4":{"start":{"line":14,"column":0},"end":{"line":14,"column":62}},"5":{"start":{"line":14,"column":28},"end":{"line":14,"column":60}},"6":{"start":{"line":16,"column":0},"end":{"line":16,"column":17}},"7":{"start":{"line":18,"column":0},"end":{"line":18,"column":24}}},"fnMap":{"0":{"name":"(anonymous_0)","decl":{"start":{"line":13,"column":21},"end":{"line":13,"column":22}},"loc":{"start":{"line":13,"column":27},"end":{"line":13,"column":59}},"line":13},"1":{"name":"(anonymous_1)","decl":{"start":{"line":14,"column":19},"end":{"line":14,"column":20}},"loc":{"start":{"line":14,"column":28},"end":{"line":14,"column":60}},"line":14}},"branchMap":{},"s":{"0":1,"1":1,"2":1,"3":1,"4":1,"5":0,"6":1,"7":1},"f":{"0":1,"1":0},"b":{},"_coverageSchema":"1a1c01bbd47fc00a2c39e90264f33305004495a9","hash":"1dc559fcb07757bf2653cb7b7b748db7009e6187"}
,"D:\\nodejss\\src\\config\\db.js": {"path":"D:\\nodejss\\src\\config\\db.js","statementMap":{"0":{"start":{"line":1,"column":0},"end":{"line":1,"column":27}},"1":{"start":{"line":2,"column":14},"end":{"line":2,"column":39}},"2":{"start":{"line":3,"column":19},"end":{"line":8,"column":2}},"3":{"start":{"line":14,"column":0},"end":{"line":14,"column":28}}},"fnMap":{},"branchMap":{},"s":{"0":4,"1":4,"2":4,"3":4},"f":{},"b":{},"_coverageSchema":"1a1c01bbd47fc00a2c39e90264f33305004495a9","hash":"79e283abfc540bf56ccee401e5421ab37460f895"}
,"D:\\nodejss\\src\\controllers\\user.controller.js": {"path":"D:\\nodejss\\src\\controllers\\user.controller.js","statementMap":{"0":{"start":{"line":1,"column":16},"end":{"line":1,"column":39}},"1":{"start":{"line":2,"column":19},"end":{"line":2,"column":42}},"2":{"start":{"line":3,"column":15},"end":{"line":3,"column":32}},"3":{"start":{"line":4,"column":17},"end":{"line":4,"column":42}},"4":{"start":{"line":5,"column":20},"end":{"line":5,"column":55}},"5":{"start":{"line":7,"column":17},"end":{"line":30,"column":1}},"6":{"start":{"line":8,"column":4},"end":{"line":29,"column":5}},"7":{"start":{"line":9,"column":23},"end":{"line":9,"column":61}},"8":{"start":{"line":10,"column":8},"end":{"line":21,"column":9}},"9":{"start":{"line":11,"column":12},"end":{"line":14,"column":15}},"10":{"start":{"line":16,"column":12},"end":{"line":20,"column":15}},"11":{"start":{"line":24,"column":8},"end":{"line":24,"column":27}},"12":{"start":{"line":25,"column":8},"end":{"line":28,"column":11}},"13":{"start":{"line":32,"column":14},"end":{"line":57,"column":1}},"14":{"start":{"line":33,"column":4},"end":{"line":56,"column":5}},"15":{"start":{"line":34,"column":23},"end":{"line":34,"column":60}},"16":{"start":{"line":35,"column":32},"end":{"line":35,"column":38}},"17":{"start":{"line":36,"column":8},"end":{"line":41,"column":9}},"18":{"start":{"line":37,"column":12},"end":{"line":40,"column":15}},"19":{"start":{"line":42,"column":8},"end":{"line":49,"column":11}},"20":{"start":{"line":51,"column":8},"end":{"line":51,"column":27}},"21":{"start":{"line":52,"column":8},"end":{"line":55,"column":11}},"22":{"start":{"line":59,"column":16},"end":{"line":76,"column":1}},"23":{"start":{"line":60,"column":4},"end":{"line":75,"column":5}},"24":{"start":{"line":61,"column":23},"end":{"line":61,"column":62}},"25":{"start":{"line":62,"column":8},"end":{"line":68,"column":9}},"26":{"start":{"line":63,"column":12},"end":{"line":67,"column":15}},"27":{"start":{"line":70,"column":8},"end":{"line":70,"column":27}},"28":{"start":{"line":71,"column":8},"end":{"line":74,"column":11}},"29":{"start":{"line":78,"column":16},"end":{"line":95,"column":1}},"30":{"start":{"line":79,"column":4},"end":{"line":94,"column":5}},"31":{"start":{"line":80,"column":23},"end":{"line":80,"column":65}},"32":{"start":{"line":81,"column":8},"end":{"line":87,"column":9}},"33":{"start":{"line":82,"column":12},"end":{"line":86,"column":15}},"34":{"start":{"line":89,"column":8},"end":{"line":89,"column":27}},"35":{"start":{"line":90,"column":8},"end":{"line":93,"column":11}},"36":{"start":{"line":97,"column":18},"end":{"line":120,"column":1}},"37":{"start":{"line":98,"column":4},"end":{"line":119,"column":5}},"38":{"start":{"line":99,"column":23},"end":{"line":99,"column":67}},"39":{"start":{"line":100,"column":8},"end":{"line":112,"column":9}},"40":{"start":{"line":101,"column":12},"end":{"line":105,"column":15}},"41":{"start":{"line":107,"column":12},"end":{"line":111,"column":15}},"42":{"start":{"line":114,"column":8},"end":{"line":114,"column":27}},"43":{"start":{"line":115,"column":8},"end":{"line":118,"column":11}},"44":{"start":{"line":122,"column":0},"end":{"line":122,"column":66}}},"fnMap":{"0":{"name":"(anonymous_0)","decl":{"start":{"line":7,"column":17},"end":{"line":7,"column":18}},"loc":{"start":{"line":7,"column":43},"end":{"line":30,"column":1}},"line":7},"1":{"name":"(anonymous_1)","decl":{"start":{"line":32,"column":14},"end":{"line":32,"column":15}},"loc":{"start":{"line":32,"column":34},"end":{"line":57,"column":1}},"line":32},"2":{"name":"(anonymous_2)","decl":{"start":{"line":59,"column":16},"end":{"line":59,"column":17}},"loc":{"start":{"line":59,"column":36},"end":{"line":76,"column":1}},"line":59},"3":{"name":"(anonymous_3)","decl":{"start":{"line":78,"column":16},"end":{"line":78,"column":17}},"loc":{"start":{"line":78,"column":36},"end":{"line":95,"column":1}},"line":78},"4":{"name":"(anonymous_4)","decl":{"start":{"line":97,"column":18},"end":{"line":97,"column":19}},"loc":{"start":{"line":97,"column":38},"end":{"line":120,"column":1}},"line":97}},"branchMap":{"0":{"loc":{"start":{"line":10,"column":8},"end":{"line":21,"column":9}},"type":"if","locations":[{"start":{"line":10,"column":8},"end":{"line":21,"column":9}},{"start":{"line":15,"column":15},"end":{"line":21,"column":9}}],"line":10},"1":{"loc":{"start":{"line":36,"column":8},"end":{"line":41,"column":9}},"type":"if","locations":[{"start":{"line":36,"column":8},"end":{"line":41,"column":9}},{"start":{},"end":{}}],"line":36},"2":{"loc":{"start":{"line":62,"column":8},"end":{"line":68,"column":9}},"type":"if","locations":[{"start":{"line":62,"column":8},"end":{"line":68,"column":9}},{"start":{},"end":{}}],"line":62},"3":{"loc":{"start":{"line":81,"column":8},"end":{"line":87,"column":9}},"type":"if","locations":[{"start":{"line":81,"column":8},"end":{"line":87,"column":9}},{"start":{},"end":{}}],"line":81},"4":{"loc":{"start":{"line":100,"column":8},"end":{"line":112,"column":9}},"type":"if","locations":[{"start":{"line":100,"column":8},"end":{"line":112,"column":9}},{"start":{"line":106,"column":15},"end":{"line":112,"column":9}}],"line":100},"5":{"loc":{"start":{"line":100,"column":12},"end":{"line":100,"column":64}},"type":"binary-expr","locations":[{"start":{"line":100,"column":12},"end":{"line":100,"column":36}},{"start":{"line":100,"column":40},"end":{"line":100,"column":64}}],"line":100}},"s":{"0":2,"1":2,"2":2,"3":2,"4":2,"5":2,"6":4,"7":4,"8":3,"9":1,"10":2,"11":1,"12":1,"13":2,"14":3,"15":3,"16":2,"17":2,"18":1,"19":2,"20":1,"21":1,"22":2,"23":2,"24":2,"25":1,"26":1,"27":1,"28":1,"29":2,"30":2,"31":2,"32":1,"33":1,"34":1,"35":1,"36":2,"37":4,"38":4,"39":3,"40":2,"41":1,"42":1,"43":1,"44":2},"f":{"0":4,"1":3,"2":2,"3":2,"4":4},"b":{"0":[1,2],"1":[1,1],"2":[1,0],"3":[1,0],"4":[2,1],"5":[3,2]},"_coverageSchema":"1a1c01bbd47fc00a2c39e90264f33305004495a9","hash":"183a055b331c25e4610f289fdc1b20baeee29729"}
,"D:\\nodejss\\src\\routes\\user.routes.js": {"path":"D:\\nodejss\\src\\routes\\user.routes.js","statementMap":{"0":{"start":{"line":1,"column":16},"end":{"line":1,"column":34}},"1":{"start":{"line":2,"column":15},"end":{"line":2,"column":31}},"2":{"start":{"line":3,"column":23},"end":{"line":3,"column":64}},"3":{"start":{"line":4,"column":13},"end":{"line":4,"column":53}},"4":{"start":{"line":5,"column":20},"end":{"line":5,"column":56}},"5":{"start":{"line":6,"column":0},"end":{"line":8,"column":2}},"6":{"start":{"line":7,"column":4},"end":{"line":7,"column":31}},"7":{"start":{"line":9,"column":0},"end":{"line":9,"column":49}},"8":{"start":{"line":10,"column":0},"end":{"line":10,"column":43}},"9":{"start":{"line":11,"column":0},"end":{"line":11,"column":52}},"10":{"start":{"line":12,"column":0},"end":{"line":12,"column":60}},"11":{"start":{"line":13,"column":0},"end":{"line":13,"column":65}},"12":{"start":{"line":15,"column":0},"end":{"line":15,"column":24}}},"fnMap":{"0":{"name":"(anonymous_0)","decl":{"start":{"line":6,"column":16},"end":{"line":6,"column":17}},"loc":{"start":{"line":6,"column":30},"end":{"line":8,"column":1}},"line":6}},"branchMap":{},"s":{"0":1,"1":1,"2":1,"3":1,"4":1,"5":1,"6":1,"7":1,"8":1,"9":1,"10":1,"11":1,"12":1},"f":{"0":1},"b":{},"_coverageSchema":"1a1c01bbd47fc00a2c39e90264f33305004495a9","hash":"22b5d45f6e520ea7fda577636c0c22e7c08dfead"}
,"D:\\nodejss\\src\\services\\user.service.js": {"path":"D:\\nodejss\\src\\services\\user.service.js","statementMap":{"0":{"start":{"line":1,"column":19},"end":{"line":1,"column":42}},"1":{"start":{"line":2,"column":15},"end":{"line":2,"column":32}},"2":{"start":{"line":3,"column":17},"end":{"line":3,"column":42}},"3":{"start":{"line":4,"column":20},"end":{"line":4,"column":39}},"4":{"start":{"line":5,"column":20},"end":{"line":5,"column":42}},"5":{"start":{"line":6,"column":12},"end":{"line":6,"column":35}},"6":{"start":{"line":7,"column":15},"end":{"line":7,"column":37}},"7":{"start":{"line":9,"column":19},"end":{"line":30,"column":1}},"8":{"start":{"line":10,"column":4},"end":{"line":29,"column":7}},"9":{"start":{"line":11,"column":8},"end":{"line":28,"column":9}},"10":{"start":{"line":12,"column":46},"end":{"line":12,"column":54}},"11":{"start":{"line":13,"column":35},"end":{"line":13,"column":66}},"12":{"start":{"line":14,"column":31},"end":{"line":14,"column":63}},"13":{"start":{"line":16,"column":12},"end":{"line":18,"column":13}},"14":{"start":{"line":17,"column":16},"end":{"line":17,"column":62}},"15":{"start":{"line":19,"column":24},"end":{"line":19,"column":85}},"16":{"start":{"line":20,"column":29},"end":{"line":20,"column":87}},"17":{"start":{"line":21,"column":12},"end":{"line":25,"column":15}},"18":{"start":{"line":27,"column":12},"end":{"line":27,"column":24}},"19":{"start":{"line":32,"column":18},"end":{"line":55,"column":1}},"20":{"start":{"line":33,"column":4},"end":{"line":54,"column":7}},"21":{"start":{"line":34,"column":8},"end":{"line":53,"column":9}},"22":{"start":{"line":35,"column":40},"end":{"line":35,"column":48}},"23":{"start":{"line":36,"column":35},"end":{"line":36,"column":66}},"24":{"start":{"line":37,"column":31},"end":{"line":37,"column":63}},"25":{"start":{"line":38,"column":12},"end":{"line":50,"column":13}},"26":{"start":{"line":39,"column":16},"end":{"line":39,"column":66}},"27":{"start":{"line":42,"column":32},"end":{"line":42,"column":86}},"28":{"start":{"line":43,"column":16},"end":{"line":45,"column":17}},"29":{"start":{"line":44,"column":20},"end":{"line":44,"column":124}},"30":{"start":{"line":46,"column":30},"end":{"line":46,"column":98}},"31":{"start":{"line":47,"column":29},"end":{"line":47,"column":42}},"32":{"start":{"line":48,"column":16},"end":{"line":48,"column":45}},"33":{"start":{"line":49,"column":16},"end":{"line":49,"column":41}},"34":{"start":{"line":52,"column":12},"end":{"line":52,"column":25}},"35":{"start":{"line":57,"column":20},"end":{"line":72,"column":1}},"36":{"start":{"line":58,"column":4},"end":{"line":71,"column":7}},"37":{"start":{"line":59,"column":8},"end":{"line":70,"column":9}},"38":{"start":{"line":60,"column":27},"end":{"line":60,"column":52}},"39":{"start":{"line":61,"column":12},"end":{"line":63,"column":13}},"40":{"start":{"line":62,"column":16},"end":{"line":62,"column":45}},"41":{"start":{"line":64,"column":24},"end":{"line":64,"column":45}},"42":{"start":{"line":65,"column":27},"end":{"line":65,"column":54}},"43":{"start":{"line":66,"column":26},"end":{"line":66,"column":73}},"44":{"start":{"line":67,"column":12},"end":{"line":67,"column":25}},"45":{"start":{"line":69,"column":12},"end":{"line":69,"column":25}},"46":{"start":{"line":74,"column":23},"end":{"line":93,"column":1}},"47":{"start":{"line":75,"column":4},"end":{"line":92,"column":7}},"48":{"start":{"line":76,"column":8},"end":{"line":91,"column":9}},"49":{"start":{"line":77,"column":30},"end":{"line":77,"column":38}},"50":{"start":{"line":78,"column":24},"end":{"line":78,"column":67}},"51":{"start":{"line":80,"column":27},"end":{"line":80,"column":87}},"52":{"start":{"line":81,"column":12},"end":{"line":81,"column":31}},"53":{"start":{"line":86,"column":12},"end":{"line":88,"column":13}},"54":{"start":{"line":87,"column":16},"end":{"line":87,"column":28}},"55":{"start":{"line":90,"column":12},"end":{"line":90,"column":25}},"56":{"start":{"line":95,"column":25},"end":{"line":115,"column":1}},"57":{"start":{"line":96,"column":4},"end":{"line":114,"column":7}},"58":{"start":{"line":97,"column":8},"end":{"line":113,"column":9}},"59":{"start":{"line":98,"column":35},"end":{"line":98,"column":43}},"60":{"start":{"line":99,"column":24},"end":{"line":99,"column":38}},"61":{"start":{"line":100,"column":30},"end":{"line":100,"column":51}},"62":{"start":{"line":101,"column":12},"end":{"line":103,"column":13}},"63":{"start":{"line":102,"column":16},"end":{"line":102,"column":39}},"64":{"start":{"line":104,"column":29},"end":{"line":104,"column":46}},"65":{"start":{"line":105,"column":12},"end":{"line":107,"column":13}},"66":{"start":{"line":106,"column":16},"end":{"line":106,"column":39}},"67":{"start":{"line":109,"column":12},"end":{"line":109,"column":34}},"68":{"start":{"line":110,"column":12},"end":{"line":110,"column":35}},"69":{"start":{"line":112,"column":12},"end":{"line":112,"column":25}},"70":{"start":{"line":118,"column":4},"end":{"line":129,"column":7}},"71":{"start":{"line":119,"column":8},"end":{"line":128,"column":9}},"72":{"start":{"line":120,"column":24},"end":{"line":120,"column":61}},"73":{"start":{"line":121,"column":27},"end":{"line":124,"column":13}},"74":{"start":{"line":125,"column":12},"end":{"line":125,"column":26}},"75":{"start":{"line":127,"column":12},"end":{"line":127,"column":24}},"76":{"start":{"line":133,"column":4},"end":{"line":141,"column":6}},"77":{"start":{"line":134,"column":8},"end":{"line":140,"column":9}},"78":{"start":{"line":135,"column":32},"end":{"line":135,"column":51}},"79":{"start":{"line":136,"column":26},"end":{"line":136,"column":98}},"80":{"start":{"line":137,"column":12},"end":{"line":137,"column":39}},"81":{"start":{"line":139,"column":12},"end":{"line":139,"column":24}},"82":{"start":{"line":143,"column":0},"end":{"line":143,"column":90}}},"fnMap":{"0":{"name":"(anonymous_0)","decl":{"start":{"line":9,"column":19},"end":{"line":9,"column":20}},"loc":{"start":{"line":9,"column":33},"end":{"line":30,"column":1}},"line":9},"1":{"name":"(anonymous_1)","decl":{"start":{"line":10,"column":23},"end":{"line":10,"column":24}},"loc":{"start":{"line":10,"column":51},"end":{"line":29,"column":5}},"line":10},"2":{"name":"(anonymous_2)","decl":{"start":{"line":32,"column":18},"end":{"line":32,"column":19}},"loc":{"start":{"line":32,"column":32},"end":{"line":55,"column":1}},"line":32},"3":{"name":"(anonymous_3)","decl":{"start":{"line":33,"column":23},"end":{"line":33,"column":24}},"loc":{"start":{"line":33,"column":51},"end":{"line":54,"column":5}},"line":33},"4":{"name":"(anonymous_4)","decl":{"start":{"line":57,"column":20},"end":{"line":57,"column":21}},"loc":{"start":{"line":57,"column":43},"end":{"line":72,"column":1}},"line":57},"5":{"name":"(anonymous_5)","decl":{"start":{"line":58,"column":23},"end":{"line":58,"column":24}},"loc":{"start":{"line":58,"column":51},"end":{"line":71,"column":5}},"line":58},"6":{"name":"(anonymous_6)","decl":{"start":{"line":74,"column":23},"end":{"line":74,"column":24}},"loc":{"start":{"line":74,"column":37},"end":{"line":93,"column":1}},"line":74},"7":{"name":"(anonymous_7)","decl":{"start":{"line":75,"column":23},"end":{"line":75,"column":24}},"loc":{"start":{"line":75,"column":51},"end":{"line":92,"column":5}},"line":75},"8":{"name":"(anonymous_8)","decl":{"start":{"line":95,"column":25},"end":{"line":95,"column":26}},"loc":{"start":{"line":95,"column":39},"end":{"line":115,"column":1}},"line":95},"9":{"name":"(anonymous_9)","decl":{"start":{"line":96,"column":23},"end":{"line":96,"column":24}},"loc":{"start":{"line":96,"column":51},"end":{"line":114,"column":5}},"line":96},"10":{"name":"checkEmailDuplicacy","decl":{"start":{"line":117,"column":9},"end":{"line":117,"column":28}},"loc":{"start":{"line":117,"column":36},"end":{"line":130,"column":1}},"line":117},"11":{"name":"(anonymous_11)","decl":{"start":{"line":118,"column":23},"end":{"line":118,"column":24}},"loc":{"start":{"line":118,"column":51},"end":{"line":129,"column":5}},"line":118},"12":{"name":"generatedJWTToken","decl":{"start":{"line":132,"column":9},"end":{"line":132,"column":26}},"loc":{"start":{"line":132,"column":44},"end":{"line":142,"column":1}},"line":132},"13":{"name":"(anonymous_13)","decl":{"start":{"line":133,"column":23},"end":{"line":133,"column":24}},"loc":{"start":{"line":133,"column":51},"end":{"line":141,"column":5}},"line":133}},"branchMap":{"0":{"loc":{"start":{"line":16,"column":12},"end":{"line":18,"column":13}},"type":"if","locations":[{"start":{"line":16,"column":12},"end":{"line":18,"column":13}},{"start":{},"end":{}}],"line":16},"1":{"loc":{"start":{"line":38,"column":12},"end":{"line":50,"column":13}},"type":"if","locations":[{"start":{"line":38,"column":12},"end":{"line":50,"column":13}},{"start":{"line":41,"column":17},"end":{"line":50,"column":13}}],"line":38},"2":{"loc":{"start":{"line":43,"column":16},"end":{"line":45,"column":17}},"type":"if","locations":[{"start":{"line":43,"column":16},"end":{"line":45,"column":17}},{"start":{},"end":{}}],"line":43},"3":{"loc":{"start":{"line":61,"column":12},"end":{"line":63,"column":13}},"type":"if","locations":[{"start":{"line":61,"column":12},"end":{"line":63,"column":13}},{"start":{},"end":{}}],"line":61},"4":{"loc":{"start":{"line":86,"column":12},"end":{"line":88,"column":13}},"type":"if","locations":[{"start":{"line":86,"column":12},"end":{"line":88,"column":13}},{"start":{},"end":{}}],"line":86},"5":{"loc":{"start":{"line":101,"column":12},"end":{"line":103,"column":13}},"type":"if","locations":[{"start":{"line":101,"column":12},"end":{"line":103,"column":13}},{"start":{},"end":{}}],"line":101},"6":{"loc":{"start":{"line":105,"column":12},"end":{"line":107,"column":13}},"type":"if","locations":[{"start":{"line":105,"column":12},"end":{"line":107,"column":13}},{"start":{},"end":{}}],"line":105}},"s":{"0":3,"1":3,"2":3,"3":3,"4":3,"5":3,"6":3,"7":3,"8":2,"9":2,"10":2,"11":2,"12":2,"13":2,"14":1,"15":1,"16":1,"17":1,"18":0,"19":3,"20":3,"21":3,"22":3,"23":3,"24":3,"25":3,"26":1,"27":2,"28":2,"29":1,"30":1,"31":1,"32":1,"33":1,"34":1,"35":3,"36":3,"37":3,"38":3,"39":2,"40":1,"41":2,"42":2,"43":2,"44":2,"45":1,"46":3,"47":2,"48":2,"49":2,"50":2,"51":2,"52":1,"53":1,"54":1,"55":1,"56":3,"57":4,"58":4,"59":4,"60":4,"61":4,"62":3,"63":1,"64":3,"65":3,"66":2,"67":3,"68":3,"69":1,"70":5,"71":5,"72":5,"73":5,"74":5,"75":0,"76":1,"77":1,"78":1,"79":1,"80":1,"81":0,"82":3},"f":{"0":2,"1":2,"2":3,"3":3,"4":3,"5":3,"6":2,"7":2,"8":4,"9":4,"10":5,"11":5,"12":1,"13":1},"b":{"0":[1,1],"1":[1,2],"2":[1,1],"3":[1,1],"4":[1,0],"5":[1,2],"6":[2,1]},"_coverageSchema":"1a1c01bbd47fc00a2c39e90264f33305004495a9","hash":"3a60a0d2e43b7c3c539700b8b088f92a4b08a804"}
}
