TN:
SF:constant.js
FNF:0
FNH:0
DA:1,4
DA:5,4
DA:17,4
DA:28,4
LF:4
LH:4
BRF:0
BRH:0
end_of_record
TN:
SF:redis.js
FN:13,(anonymous_0)
FN:14,(anonymous_1)
FNF:2
FNH:1
FNDA:1,(anonymous_0)
FNDA:0,(anonymous_1)
DA:1,1
DA:5,1
DA:13,1
DA:14,1
DA:16,1
DA:18,1
LF:6
LH:6
BRF:0
BRH:0
end_of_record
TN:
SF:src\config\db.js
FNF:0
FNH:0
DA:1,4
DA:2,4
DA:3,4
DA:14,4
LF:4
LH:4
BRF:0
BRH:0
end_of_record
TN:
SF:src\controllers\user.controller.js
FN:7,(anonymous_0)
FN:32,(anonymous_1)
FN:59,(anonymous_2)
FN:78,(anonymous_3)
FN:97,(anonymous_4)
FNF:5
FNH:5
FNDA:4,(anonymous_0)
FNDA:3,(anonymous_1)
FNDA:2,(anonymous_2)
FNDA:2,(anonymous_3)
FNDA:4,(anonymous_4)
DA:1,2
DA:2,2
DA:3,2
DA:4,2
DA:5,2
DA:7,2
DA:8,4
DA:9,4
DA:10,3
DA:11,1
DA:16,2
DA:24,1
DA:25,1
DA:32,2
DA:33,3
DA:34,3
DA:35,2
DA:36,2
DA:37,1
DA:42,2
DA:51,1
DA:52,1
DA:59,2
DA:60,2
DA:61,2
DA:62,1
DA:63,1
DA:70,1
DA:71,1
DA:78,2
DA:79,2
DA:80,2
DA:81,1
DA:82,1
DA:89,1
DA:90,1
DA:97,2
DA:98,4
DA:99,4
DA:100,3
DA:101,2
DA:107,1
DA:114,1
DA:115,1
DA:122,2
LF:45
LH:45
BRDA:10,0,0,1
BRDA:10,0,1,2
BRDA:36,1,0,1
BRDA:36,1,1,1
BRDA:62,2,0,1
BRDA:62,2,1,0
BRDA:81,3,0,1
BRDA:81,3,1,0
BRDA:100,4,0,2
BRDA:100,4,1,1
BRDA:100,5,0,3
BRDA:100,5,1,2
BRF:12
BRH:10
end_of_record
TN:
SF:src\routes\user.routes.js
FN:6,(anonymous_0)
FNF:1
FNH:1
FNDA:1,(anonymous_0)
DA:1,1
DA:2,1
DA:3,1
DA:4,1
DA:5,1
DA:6,1
DA:7,1
DA:9,1
DA:10,1
DA:11,1
DA:12,1
DA:13,1
DA:15,1
LF:13
LH:13
BRF:0
BRH:0
end_of_record
TN:
SF:src\services\user.service.js
FN:9,(anonymous_0)
FN:10,(anonymous_1)
FN:32,(anonymous_2)
FN:33,(anonymous_3)
FN:57,(anonymous_4)
FN:58,(anonymous_5)
FN:74,(anonymous_6)
FN:75,(anonymous_7)
FN:95,(anonymous_8)
FN:96,(anonymous_9)
FN:117,checkEmailDuplicacy
FN:118,(anonymous_11)
FN:132,generatedJWTToken
FN:133,(anonymous_13)
FNF:14
FNH:14
FNDA:2,(anonymous_0)
FNDA:2,(anonymous_1)
FNDA:3,(anonymous_2)
FNDA:3,(anonymous_3)
FNDA:3,(anonymous_4)
FNDA:3,(anonymous_5)
FNDA:2,(anonymous_6)
FNDA:2,(anonymous_7)
FNDA:4,(anonymous_8)
FNDA:4,(anonymous_9)
FNDA:5,checkEmailDuplicacy
FNDA:5,(anonymous_11)
FNDA:1,generatedJWTToken
FNDA:1,(anonymous_13)
DA:1,3
DA:2,3
DA:3,3
DA:4,3
DA:5,3
DA:6,3
DA:7,3
DA:9,3
DA:10,2
DA:11,2
DA:12,2
DA:13,2
DA:14,2
DA:16,2
DA:17,1
DA:19,1
DA:20,1
DA:21,1
DA:27,0
DA:32,3
DA:33,3
DA:34,3
DA:35,3
DA:36,3
DA:37,3
DA:38,3
DA:39,1
DA:42,2
DA:43,2
DA:44,1
DA:46,1
DA:47,1
DA:48,1
DA:49,1
DA:52,1
DA:57,3
DA:58,3
DA:59,3
DA:60,3
DA:61,2
DA:62,1
DA:64,2
DA:65,2
DA:66,2
DA:67,2
DA:69,1
DA:74,3
DA:75,2
DA:76,2
DA:77,2
DA:78,2
DA:80,2
DA:81,1
DA:86,1
DA:87,1
DA:90,1
DA:95,3
DA:96,4
DA:97,4
DA:98,4
DA:99,4
DA:100,4
DA:101,3
DA:102,1
DA:104,3
DA:105,3
DA:106,2
DA:109,3
DA:110,3
DA:112,1
DA:118,5
DA:119,5
DA:120,5
DA:121,5
DA:125,5
DA:127,0
DA:133,1
DA:134,1
DA:135,1
DA:136,1
DA:137,1
DA:139,0
DA:143,3
LF:83
LH:80
BRDA:16,0,0,1
BRDA:16,0,1,1
BRDA:38,1,0,1
BRDA:38,1,1,2
BRDA:43,2,0,1
BRDA:43,2,1,1
BRDA:61,3,0,1
BRDA:61,3,1,1
BRDA:86,4,0,1
BRDA:86,4,1,0
BRDA:101,5,0,1
BRDA:101,5,1,2
BRDA:105,6,0,2
BRDA:105,6,1,1
BRF:14
BRH:13
end_of_record
